<?xml version="1.0" encoding="UTF-8" ?>
<testsuite failures="0" time="0.234" errors="0" skipped="0" tests="1" name="TestSuite">
  <properties>
    <property name="java.runtime.name" value="Java(TM) SE Runtime Environment"/>
    <property name="sun.boot.library.path" value="C:\Program Files\Java\jdk1.6.0_21\jre\bin"/>
    <property name="java.vm.version" value="17.0-b17"/>
    <property name="java.vm.vendor" value="Sun Microsystems Inc."/>
    <property name="java.vendor.url" value="http://java.sun.com/"/>
    <property name="path.separator" value=";"/>
    <property name="java.vm.name" value="Java HotSpot(TM) Client VM"/>
    <property name="file.encoding.pkg" value="sun.io"/>
    <property name="user.country" value="DE"/>
    <property name="sun.java.launcher" value="SUN_STANDARD"/>
    <property name="sun.os.patch.level" value=""/>
    <property name="java.vm.specification.name" value="Java Virtual Machine Specification"/>
    <property name="user.dir" value="C:\Users\DrCJ\workspaceMavenProtege\protege-plugin-dlquery"/>
    <property name="java.runtime.version" value="1.6.0_21-b07"/>
    <property name="java.awt.graphicsenv" value="sun.awt.Win32GraphicsEnvironment"/>
    <property name="basedir" value="C:\Users\DrCJ\workspaceMavenProtege\protege-plugin-dlquery"/>
    <property name="java.endorsed.dirs" value="C:\Program Files\Java\jdk1.6.0_21\jre\lib\endorsed"/>
    <property name="os.arch" value="x86"/>
    <property name="surefire.real.class.path" value="C:\Users\DrCJ\AppData\Local\Temp\surefirebooter5947703793182850201.jar"/>
    <property name="java.io.tmpdir" value="C:\Users\DrCJ\AppData\Local\Temp\"/>
    <property name="line.separator" value="
"/>
    <property name="java.vm.specification.vendor" value="Sun Microsystems Inc."/>
    <property name="user.variant" value=""/>
    <property name="os.name" value="Windows 7"/>
    <property name="sun.jnu.encoding" value="Cp1252"/>
    <property name="java.library.path" value="C:\Program Files\Java\jdk1.6.0_21\jre\bin;.;C:\Windows\Sun\Java\bin;C:\Windows\system32;C:\Windows;%CommonProgramFiles%\Microsoft Shared\Windows Live;C:\Windows\system32;C:\Windows;C:\Windows\System32\Wbem;C:\Windows\System32\WindowsPowerShell\v1.0\;C:\Program Files\Intel\DMIX;C:\Program Files\Intel\WiFi\bin\;C:\Program Files\Common Files\Intel\WirelessCommon\;C:\Program Files\NTRU Cryptosystems\NTRU TCG Software Stack\bin\;C:\Program Files\Wave Systems Corp\Gemalto\Access Client\v5\;C:\Program Files\Common Files\Roxio Shared\DLLShared\;C:\Program Files\Common Files\Roxio Shared\10.0\DLLShared\;C:\Program Files\TortoiseSVN\bin;c:\Program Files\Microsoft SQL Server\90\Tools\binn\;C:\Program Files\QuickTime\QTSystem\;%M2_HOME\bin;C:\Program Files\Common Files\Microsoft Shared\Windows Live;C:\Users\DrCJ\Documents\UltraEdit\;C:\Users\DrCJ\Documents\9-Other\Stanford\mavenprotege\Tools\apache-maven-2.2.1\bin"/>
    <property name="surefire.test.class.path" value="C:\Users\DrCJ\workspaceMavenProtege\protege-plugin-dlquery\target\test-classes;C:\Users\DrCJ\workspaceMavenProtege\protege-plugin-dlquery\test-output-directory;C:\Users\DrCJ\.m2\repository\edu\stanford\smi\protegex\owl\owlapi\3.1.0.Svn_1620_3_1_0_release_2010_11_04_0253\owlapi-3.1.0.Svn_1620_3_1_0_release_2010_11_04_0253.jar;C:\Users\DrCJ\.m2\repository\edu\stanford\smi\protegex\editor\owl\3.1.0.Svn_1620_3_1_0_release_2010_11_04_0253\owl-3.1.0.Svn_1620_3_1_0_release_2010_11_04_0253.jar;C:\Users\DrCJ\.m2\repository\edu\stanford\smi\protegex\editor\application\4.1.0.b213_2010_11_04_0252\application-4.1.0.b213_2010_11_04_0252.jar;C:\Users\DrCJ\.m2\repository\edu\stanford\bmir\core\common\4.1.0.b213_2010_11_04_0252\common-4.1.0.b213_2010_11_04_0252.jar;C:\Users\DrCJ\.m2\repository\edu\stanford\bmir\core\log4j\1.0\log4j-1.0.jar;C:\Users\DrCJ\.m2\repository\org\testng\testng\5.10\testng-5.10-jdk15.jar;C:\Users\DrCJ\.m2\repository\junit\junit\3.8.1\junit-3.8.1.jar;"/>
    <property name="java.specification.name" value="Java Platform API Specification"/>
    <property name="java.class.version" value="50.0"/>
    <property name="sun.management.compiler" value="HotSpot Client Compiler"/>
    <property name="os.version" value="6.1"/>
    <property name="user.home" value="C:\Users\DrCJ"/>
    <property name="user.timezone" value="America/Los_Angeles"/>
    <property name="java.awt.printerjob" value="sun.awt.windows.WPrinterJob"/>
    <property name="java.specification.version" value="1.6"/>
    <property name="file.encoding" value="Cp1252"/>
    <property name="user.name" value="DrCJ"/>
    <property name="java.class.path" value="C:\Users\DrCJ\workspaceMavenProtege\protege-plugin-dlquery\target\test-classes;C:\Users\DrCJ\workspaceMavenProtege\protege-plugin-dlquery\test-output-directory;C:\Users\DrCJ\.m2\repository\edu\stanford\smi\protegex\owl\owlapi\3.1.0.Svn_1620_3_1_0_release_2010_11_04_0253\owlapi-3.1.0.Svn_1620_3_1_0_release_2010_11_04_0253.jar;C:\Users\DrCJ\.m2\repository\edu\stanford\smi\protegex\editor\owl\3.1.0.Svn_1620_3_1_0_release_2010_11_04_0253\owl-3.1.0.Svn_1620_3_1_0_release_2010_11_04_0253.jar;C:\Users\DrCJ\.m2\repository\edu\stanford\smi\protegex\editor\application\4.1.0.b213_2010_11_04_0252\application-4.1.0.b213_2010_11_04_0252.jar;C:\Users\DrCJ\.m2\repository\edu\stanford\bmir\core\common\4.1.0.b213_2010_11_04_0252\common-4.1.0.b213_2010_11_04_0252.jar;C:\Users\DrCJ\.m2\repository\edu\stanford\bmir\core\log4j\1.0\log4j-1.0.jar;C:\Users\DrCJ\.m2\repository\org\testng\testng\5.10\testng-5.10-jdk15.jar;C:\Users\DrCJ\.m2\repository\junit\junit\3.8.1\junit-3.8.1.jar;"/>
    <property name="java.vm.specification.version" value="1.0"/>
    <property name="sun.arch.data.model" value="32"/>
    <property name="java.home" value="C:\Program Files\Java\jdk1.6.0_21\jre"/>
    <property name="java.specification.vendor" value="Sun Microsystems Inc."/>
    <property name="user.language" value="de"/>
    <property name="awt.toolkit" value="sun.awt.windows.WToolkit"/>
    <property name="java.vm.info" value="mixed mode"/>
    <property name="java.version" value="1.6.0_21"/>
    <property name="java.ext.dirs" value="C:\Program Files\Java\jdk1.6.0_21\jre\lib\ext;C:\Windows\Sun\Java\lib\ext"/>
    <property name="sun.boot.class.path" value="C:\Program Files\Java\jdk1.6.0_21\jre\lib\resources.jar;C:\Program Files\Java\jdk1.6.0_21\jre\lib\rt.jar;C:\Program Files\Java\jdk1.6.0_21\jre\lib\sunrsasign.jar;C:\Program Files\Java\jdk1.6.0_21\jre\lib\jsse.jar;C:\Program Files\Java\jdk1.6.0_21\jre\lib\jce.jar;C:\Program Files\Java\jdk1.6.0_21\jre\lib\charsets.jar;C:\Program Files\Java\jdk1.6.0_21\jre\classes"/>
    <property name="java.vendor" value="Sun Microsystems Inc."/>
    <property name="localRepository" value="C:\Users\DrCJ\.m2\repository"/>
    <property name="file.separator" value="\"/>
    <property name="java.vendor.url.bug" value="http://java.sun.com/cgi-bin/bugreport.cgi"/>
    <property name="sun.cpu.endian" value="little"/>
    <property name="sun.io.unicode.encoding" value="UnicodeLittle"/>
    <property name="sun.desktop" value="windows"/>
    <property name="sun.cpu.isalist" value="pentium_pro+mmx pentium_pro pentium+mmx pentium i486 i386 i86"/>
  </properties>
  <testcase time="0" classname="org.coode.dlquery.JUnitExample" name="testJunit"/>
</testsuite>